<?xml version="1.0" encoding="UTF-8"?>
<!-- Generated by org.testng.reporters.JUnitReportReporter -->
<testsuite hostname="LAPTOP-4KGVBBR8" failures="0" tests="1" name="Test.normaltest" time="9.318" errors="0" timestamp="2022-06-24T22:37:46 BST" skipped="0">
  <testcase classname="Test.normaltest" name="Amazontest" time="9.318"/>
  <system-out/>
</testsuite> <!-- Test.normaltest -->
